<?xml version="1.0" encoding="UTF-8"?>
<testsuite name="com.example.digitrecognitionv3.DigitRecognitionV3ApplicationTests" tests="1" skipped="0" failures="0" errors="0" timestamp="2022-10-30T16:08:25" hostname="DESKTOP-FK6J4PV" time="0.502">
  <properties/>
  <testcase name="contextLoads()" classname="com.example.digitrecognitionv3.DigitRecognitionV3ApplicationTests" time="0.502"/>
  <system-out><![CDATA[16:08:22.309 [Test worker] DEBUG org.springframework.test.context.BootstrapUtils - Instantiating CacheAwareContextLoaderDelegate from class [org.springframework.test.context.cache.DefaultCacheAwareContextLoaderDelegate]
16:08:22.333 [Test worker] DEBUG org.springframework.test.context.BootstrapUtils - Instantiating BootstrapContext using constructor [public org.springframework.test.context.support.DefaultBootstrapContext(java.lang.Class,org.springframework.test.context.CacheAwareContextLoaderDelegate)]
16:08:22.393 [Test worker] DEBUG org.springframework.test.context.BootstrapUtils - Instantiating TestContextBootstrapper for test class [com.example.digitrecognitionv3.DigitRecognitionV3ApplicationTests] from class [org.springframework.boot.test.context.SpringBootTestContextBootstrapper]
16:08:22.408 [Test worker] INFO org.springframework.boot.test.context.SpringBootTestContextBootstrapper - Neither @ContextConfiguration nor @ContextHierarchy found for test class [com.example.digitrecognitionv3.DigitRecognitionV3ApplicationTests], using SpringBootContextLoader
16:08:22.411 [Test worker] DEBUG org.springframework.test.context.support.AbstractContextLoader - Did not detect default resource location for test class [com.example.digitrecognitionv3.DigitRecognitionV3ApplicationTests]: class path resource [com/example/digitrecognitionv3/DigitRecognitionV3ApplicationTests-context.xml] does not exist
16:08:22.416 [Test worker] DEBUG org.springframework.test.context.support.AbstractContextLoader - Did not detect default resource location for test class [com.example.digitrecognitionv3.DigitRecognitionV3ApplicationTests]: class path resource [com/example/digitrecognitionv3/DigitRecognitionV3ApplicationTestsContext.groovy] does not exist
16:08:22.417 [Test worker] INFO org.springframework.test.context.support.AbstractContextLoader - Could not detect default resource locations for test class [com.example.digitrecognitionv3.DigitRecognitionV3ApplicationTests]: no resource found for suffixes {-context.xml, Context.groovy}.
16:08:22.418 [Test worker] INFO org.springframework.test.context.support.AnnotationConfigContextLoaderUtils - Could not detect default configuration classes for test class [com.example.digitrecognitionv3.DigitRecognitionV3ApplicationTests]: DigitRecognitionV3ApplicationTests does not declare any static, non-private, non-final, nested classes annotated with @Configuration.
16:08:22.468 [Test worker] DEBUG org.springframework.test.context.support.ActiveProfilesUtils - Could not find an 'annotation declaring class' for annotation type [org.springframework.test.context.ActiveProfiles] and class [com.example.digitrecognitionv3.DigitRecognitionV3ApplicationTests]
16:08:22.548 [Test worker] DEBUG org.springframework.context.annotation.ClassPathScanningCandidateComponentProvider - Identified candidate component class: file [C:\Users\TECRA\Desktop\Projetos\DigitRecognitionV3\build\classes\java\main\com\example\digitrecognitionv3\DigitRecognitionV3Application.class]
16:08:22.551 [Test worker] INFO org.springframework.boot.test.context.SpringBootTestContextBootstrapper - Found @SpringBootConfiguration com.example.digitrecognitionv3.DigitRecognitionV3Application for test class com.example.digitrecognitionv3.DigitRecognitionV3ApplicationTests
16:08:22.684 [Test worker] DEBUG org.springframework.boot.test.context.SpringBootTestContextBootstrapper - @TestExecutionListeners is not present for class [com.example.digitrecognitionv3.DigitRecognitionV3ApplicationTests]: using defaults.
16:08:22.684 [Test worker] INFO org.springframework.boot.test.context.SpringBootTestContextBootstrapper - Loaded default TestExecutionListener class names from location [META-INF/spring.factories]: [org.springframework.boot.test.autoconfigure.restdocs.RestDocsTestExecutionListener, org.springframework.boot.test.autoconfigure.web.client.MockRestServiceServerResetTestExecutionListener, org.springframework.boot.test.autoconfigure.web.servlet.MockMvcPrintOnlyOnFailureTestExecutionListener, org.springframework.boot.test.autoconfigure.web.servlet.WebDriverTestExecutionListener, org.springframework.boot.test.autoconfigure.webservices.client.MockWebServiceServerTestExecutionListener, org.springframework.boot.test.mock.mockito.MockitoTestExecutionListener, org.springframework.boot.test.mock.mockito.ResetMocksTestExecutionListener, org.springframework.test.context.web.ServletTestExecutionListener, org.springframework.test.context.support.DirtiesContextBeforeModesTestExecutionListener, org.springframework.test.context.event.ApplicationEventsTestExecutionListener, org.springframework.test.context.support.DependencyInjectionTestExecutionListener, org.springframework.test.context.support.DirtiesContextTestExecutionListener, org.springframework.test.context.transaction.TransactionalTestExecutionListener, org.springframework.test.context.jdbc.SqlScriptsTestExecutionListener, org.springframework.test.context.event.EventPublishingTestExecutionListener]
16:08:22.706 [Test worker] DEBUG org.springframework.boot.test.context.SpringBootTestContextBootstrapper - Skipping candidate TestExecutionListener [org.springframework.test.context.transaction.TransactionalTestExecutionListener] due to a missing dependency. Specify custom listener classes or make the default listener classes and their required dependencies available. Offending class: [org/springframework/transaction/interceptor/TransactionAttributeSource]
16:08:22.707 [Test worker] DEBUG org.springframework.boot.test.context.SpringBootTestContextBootstrapper - Skipping candidate TestExecutionListener [org.springframework.test.context.jdbc.SqlScriptsTestExecutionListener] due to a missing dependency. Specify custom listener classes or make the default listener classes and their required dependencies available. Offending class: [org/springframework/transaction/interceptor/TransactionAttribute]
16:08:22.707 [Test worker] INFO org.springframework.boot.test.context.SpringBootTestContextBootstrapper - Using TestExecutionListeners: [org.springframework.test.context.web.ServletTestExecutionListener@275fe372, org.springframework.test.context.support.DirtiesContextBeforeModesTestExecutionListener@40e10ff8, org.springframework.test.context.event.ApplicationEventsTestExecutionListener@557a1e2d, org.springframework.boot.test.mock.mockito.MockitoTestExecutionListener@26a4842b, org.springframework.boot.test.autoconfigure.SpringBootDependencyInjectionTestExecutionListener@7e38a7fe, org.springframework.test.context.support.DirtiesContextTestExecutionListener@366ef90e, org.springframework.test.context.event.EventPublishingTestExecutionListener@33e01298, org.springframework.boot.test.autoconfigure.restdocs.RestDocsTestExecutionListener@31e75d13, org.springframework.boot.test.autoconfigure.web.client.MockRestServiceServerResetTestExecutionListener@a5b0b86, org.springframework.boot.test.autoconfigure.web.servlet.MockMvcPrintOnlyOnFailureTestExecutionListener@4b3c354a, org.springframework.boot.test.autoconfigure.web.servlet.WebDriverTestExecutionListener@78fb9a67, org.springframework.boot.test.autoconfigure.webservices.client.MockWebServiceServerTestExecutionListener@73ff4fae, org.springframework.boot.test.mock.mockito.ResetMocksTestExecutionListener@21aa6d6c]
16:08:22.714 [Test worker] DEBUG org.springframework.test.context.support.AbstractDirtiesContextTestExecutionListener - Before test class: context [DefaultTestContext@20b5f2ac testClass = DigitRecognitionV3ApplicationTests, testInstance = [null], testMethod = [null], testException = [null], mergedContextConfiguration = [WebMergedContextConfiguration@7fc44dec testClass = DigitRecognitionV3ApplicationTests, locations = '{}', classes = '{class com.example.digitrecognitionv3.DigitRecognitionV3Application}', contextInitializerClasses = '[]', activeProfiles = '{}', propertySourceLocations = '{}', propertySourceProperties = '{org.springframework.boot.test.context.SpringBootTestContextBootstrapper=true}', contextCustomizers = set[org.springframework.boot.test.autoconfigure.actuate.metrics.MetricsExportContextCustomizerFactory$DisableMetricExportContextCustomizer@a3d9978, org.springframework.boot.test.autoconfigure.properties.PropertyMappingContextCustomizer@0, org.springframework.boot.test.autoconfigure.web.servlet.WebDriverContextCustomizerFactory$Customizer@4f5991f6, org.springframework.boot.test.context.filter.ExcludeFilterContextCustomizer@2c07545f, org.springframework.boot.test.json.DuplicateJsonObjectContextCustomizerFactory$DuplicateJsonObjectContextCustomizer@22f31dec, org.springframework.boot.test.mock.mockito.MockitoContextCustomizer@0, org.springframework.boot.test.web.client.TestRestTemplateContextCustomizer@49964d75, org.springframework.boot.test.context.SpringBootTestArgs@1, org.springframework.boot.test.context.SpringBootTestWebEnvironment@4d910fd6], resourceBasePath = 'src/main/webapp', contextLoader = 'org.springframework.boot.test.context.SpringBootContextLoader', parent = [null]], attributes = map['org.springframework.test.context.web.ServletTestExecutionListener.activateListener' -> true]], class annotated with @DirtiesContext [false] with mode [null].
16:08:22.752 [Test worker] DEBUG org.springframework.test.context.support.TestPropertySourceUtils - Adding inlined properties to environment: {spring.jmx.enabled=false, org.springframework.boot.test.context.SpringBootTestContextBootstrapper=true}

  .   ____          _            __ _ _
 /\\ / ___'_ __ _ _(_)_ __  __ _ \ \ \ \
( ( )\___ | '_ | '_| | '_ \/ _` | \ \ \ \
 \\/  ___)| |_)| | | | | || (_| |  ) ) ) )
  '  |____| .__|_| |_|_| |_\__, | / / / /
 =========|_|==============|___/=/_/_/_/
 :: Spring Boot ::                (v2.4.7)

2022-10-30 16:08:23.096  INFO 14528 --- [    Test worker] c.e.d.DigitRecognitionV3ApplicationTests : Starting DigitRecognitionV3ApplicationTests using Java 15.0.2 on DESKTOP-FK6J4PV with PID 14528 (started by TECRA in C:\Users\TECRA\Desktop\Projetos\DigitRecognitionV3)
2022-10-30 16:08:23.101  INFO 14528 --- [    Test worker] c.e.d.DigitRecognitionV3ApplicationTests : No active profile set, falling back to default profiles: default
2022-10-30 16:08:25.506  INFO 14528 --- [    Test worker] c.e.d.DigitRecognitionV3ApplicationTests : Started DigitRecognitionV3ApplicationTests in 2.746 seconds (JVM running for 4.477)
]]></system-out>
  <system-err><![CDATA[]]></system-err>
</testsuite>
